0 info it worked if it ends with ok
1 verbose cli [ 'D:\\Program Files\\nodejs\\node.exe',
1 verbose cli   'C:\\Users\\zqdr\\AppData\\Roaming\\npm\\node_modules\\npm\\bin\\npm-cli.js',
1 verbose cli   'run',
1 verbose cli   'dev' ]
2 info using npm@4.0.5
3 info using node@v6.9.5
4 verbose run-script [ 'predev', 'dev', 'postdev' ]
5 info lifecycle earth@1.0.0~predev: earth@1.0.0
6 silly lifecycle earth@1.0.0~predev: no script for predev, continuing
7 info lifecycle earth@1.0.0~dev: earth@1.0.0
8 verbose lifecycle earth@1.0.0~dev: unsafe-perm in lifecycle true
9 verbose lifecycle earth@1.0.0~dev: PATH: C:\Users\zqdr\AppData\Roaming\npm\node_modules\npm\bin\node-gyp-bin;D:\Program Files\wamp\www\earth\node_modules\.bin;C:\Program Files (x86)\NVIDIA Corporation\PhysX\Common;C:\Program Files (x86)\Intel\iCLS Client\;C:\Program Files\Intel\iCLS Client\;C:\WINDOWS\system32;C:\WINDOWS;C:\WINDOWS\System32\Wbem;C:\WINDOWS\System32\WindowsPowerShell\v1.0\;C:\Program Files (x86)\Intel\OpenCL SDK\2.0\bin\x86;C:\Program Files (x86)\Intel\OpenCL SDK\2.0\bin\x64;C:\Program Files\Intel\Intel(R) Management Engine Components\DAL;C:\Program Files\Intel\Intel(R) Management Engine Components\IPT;C:\Program Files (x86)\Intel\Intel(R) Management Engine Components\DAL;C:\Program Files (x86)\Intel\Intel(R) Management Engine Components\IPT;C:\Program Files\Microsoft\Web Platform Installer\;C:\Program Files (x86)\Microsoft ASP.NET\ASP.NET Web Pages\v1.0\;D:\Program Files\TortoiseSVN\bin;d:\Program Files (x86)\Git\cmd;C:\Users\zqdr\AppData\Local\Programs\Python\Python36\;C:\Users\zqdr\AppData\Local\Programs\Python\Python36\Scripts\;C:\Users\zqdr\nvmw;D:\Program Files\nodejs\;C:\Users\zqdr\AppData\Local\Microsoft\WindowsApps;C:\Users\zqdr\AppData\Roaming\npm
10 verbose lifecycle earth@1.0.0~dev: CWD: D:\Program Files\wamp\www\earth
11 silly lifecycle earth@1.0.0~dev: Args: [ '/d /s /c', 'webpack-dev-server -d --hot' ]
12 silly lifecycle earth@1.0.0~dev: Returned: code: 3221225786  signal: null
13 info lifecycle earth@1.0.0~dev: Failed to exec dev script
14 verbose stack Error: earth@1.0.0 dev: `webpack-dev-server -d --hot`
14 verbose stack Exit status 3221225786
14 verbose stack     at EventEmitter.<anonymous> (C:\Users\zqdr\AppData\Roaming\npm\node_modules\npm\lib\utils\lifecycle.js:279:16)
14 verbose stack     at emitTwo (events.js:106:13)
14 verbose stack     at EventEmitter.emit (events.js:191:7)
14 verbose stack     at ChildProcess.<anonymous> (C:\Users\zqdr\AppData\Roaming\npm\node_modules\npm\lib\utils\spawn.js:40:14)
14 verbose stack     at emitTwo (events.js:106:13)
14 verbose stack     at ChildProcess.emit (events.js:191:7)
14 verbose stack     at maybeClose (internal/child_process.js:877:16)
14 verbose stack     at Process.ChildProcess._handle.onexit (internal/child_process.js:226:5)
15 verbose pkgid earth@1.0.0
16 verbose cwd D:\Program Files\wamp\www\earth
17 error Windows_NT 10.0.14393
18 error argv "D:\\Program Files\\nodejs\\node.exe" "C:\\Users\\zqdr\\AppData\\Roaming\\npm\\node_modules\\npm\\bin\\npm-cli.js" "run" "dev"
19 error node v6.9.5
20 error npm  v4.0.5
21 error code ELIFECYCLE
22 error earth@1.0.0 dev: `webpack-dev-server -d --hot`
22 error Exit status 3221225786
23 error Failed at the earth@1.0.0 dev script 'webpack-dev-server -d --hot'.
23 error Make sure you have the latest version of node.js and npm installed.
23 error If you do, this is most likely a problem with the earth package,
23 error not with npm itself.
23 error Tell the author that this fails on your system:
23 error     webpack-dev-server -d --hot
23 error You can get information on how to open an issue for this project with:
23 error     npm bugs earth
23 error Or if that isn't available, you can get their info via:
23 error     npm owner ls earth
23 error There is likely additional logging output above.
24 verbose exit [ 1, true ]
